<?xml version="1.0" encoding="UTF-8" ?>
<testsuite errors="0" skipped="0" tests="1" time="0.999" failures="0" name="egovframework.guide.helloworld.HelloWorldServiceTest">
  <properties>
    <property value="Java(TM) 2 Runtime Environment, Standard Edition" name="java.runtime.name"/>
    <property value="C:\eGovFrame-2.0\bin\jdk1.5.0_22\jre\bin" name="sun.boot.library.path"/>
    <property value="1.5.0_22-b03" name="java.vm.version"/>
    <property value="Sun Microsystems Inc." name="java.vm.vendor"/>
    <property value="http://java.sun.com/" name="java.vendor.url"/>
    <property value=";" name="path.separator"/>
    <property value="Java HotSpot(TM) Client VM" name="java.vm.name"/>
    <property value="sun.io" name="file.encoding.pkg"/>
    <property value="KR" name="user.country"/>
    <property value="SUN_STANDARD" name="sun.java.launcher"/>
    <property value="Service Pack 1" name="sun.os.patch.level"/>
    <property value="Java Virtual Machine Specification" name="java.vm.specification.name"/>
    <property value="C:\eGovFrame-2.0\workspace.edu\egovframework.guide" name="user.dir"/>
    <property value="1.5.0_22-b03" name="java.runtime.version"/>
    <property value="sun.awt.Win32GraphicsEnvironment" name="java.awt.graphicsenv"/>
    <property value="C:\eGovFrame-2.0\workspace.edu\egovframework.guide" name="basedir"/>
    <property value="C:\eGovFrame-2.0\bin\jdk1.5.0_22\jre\lib\endorsed" name="java.endorsed.dirs"/>
    <property value="x86" name="os.arch"/>
    <property value="C:\eGovFrame-2.0\workspace.edu\egovframework.guide\target\surefire\surefirebooter1894431224465435194.jar" name="surefire.real.class.path"/>
    <property value="C:\Users\angela-j\AppData\Local\Temp\" name="java.io.tmpdir"/>
    <property value="
" name="line.separator"/>
    <property value="Sun Microsystems Inc." name="java.vm.specification.vendor"/>
    <property value="" name="user.variant"/>
    <property value="Windows 7" name="os.name"/>
    <property value="MS949" name="sun.jnu.encoding"/>
    <property value="C:\eGovFrame-2.0\bin\jdk1.5.0_22\jre\bin;.;C:\Windows\system32;C:\Windows;C:\Windows\system32;C:\Windows;C:\Windows\System32\Wbem;C:\Windows\System32\WindowsPowerShell\v1.0;C:\Program Files\QuickTime\QTSystem;C:\Program Files\TortoiseSVN\bin;C:\egovframework\bin\jdk1.5.0\bin;C:\egovframework\bin\apache-maven-2.2.1\bin;C:\Program Files\ESTsoft\ALZip;C:\Program Files\QuickTime\QTSystem\;.;C:\eGovFrame-2.0\bin\jdk1.5.0_22\bin;C:\Program Files\IDM Computer Solutions\UltraEdit;C:\Program Files\ESTsoft\ALZip" name="java.library.path"/>
    <property value="C:\eGovFrame-2.0\workspace.edu\egovframework.guide\target\test-classes;C:\eGovFrame-2.0\workspace.edu\egovframework.guide\target\classes;D:\Programs\Maven\repository\org\springframework\spring-aop\2.5.6\spring-aop-2.5.6.jar;D:\Programs\Maven\repository\org\springframework\spring-beans\2.5.6\spring-beans-2.5.6.jar;D:\Programs\Maven\repository\org\springframework\spring-context\2.5.6\spring-context-2.5.6.jar;D:\Programs\Maven\repository\org\springframework\spring-context-support\2.5.6\spring-context-support-2.5.6.jar;D:\Programs\Maven\repository\org\springframework\spring-core\2.5.6\spring-core-2.5.6.jar;D:\Programs\Maven\repository\org\springframework\spring-jdbc\2.5.6\spring-jdbc-2.5.6.jar;D:\Programs\Maven\repository\org\springframework\spring-orm\2.5.6\spring-orm-2.5.6.jar;D:\Programs\Maven\repository\org\springframework\spring-test\2.5.6\spring-test-2.5.6.jar;D:\Programs\Maven\repository\org\springframework\spring-tx\2.5.6\spring-tx-2.5.6.jar;D:\Programs\Maven\repository\org\springframework\spring-web\2.5.6\spring-web-2.5.6.jar;D:\Programs\Maven\repository\org\springframework\spring-webmvc\2.5.6\spring-webmvc-2.5.6.jar;D:\Programs\Maven\repository\junit\junit\4.4\junit-4.4.jar;D:\Programs\Maven\repository\org\easymock\easymock\2.4\easymock-2.4.jar;D:\Programs\Maven\repository\javax\annotation\jsr250-api\1.0\jsr250-api-1.0.jar;D:\Programs\Maven\repository\commons-collections\commons-collections\3.2\commons-collections-3.2.jar;D:\Programs\Maven\repository\commons-beanutils\commons-beanutils\1.6\commons-beanutils-1.6.jar;D:\Programs\Maven\repository\commons-dbcp\commons-dbcp\1.2.2\commons-dbcp-1.2.2.jar;D:\Programs\Maven\repository\commons-lang\commons-lang\2.2\commons-lang-2.2.jar;D:\Programs\Maven\repository\commons-logging\commons-logging\1.1.1\commons-logging-1.1.1.jar;D:\Programs\Maven\repository\commons-pool\commons-pool\1.3\commons-pool-1.3.jar;D:\Programs\Maven\repository\org\aspectj\aspectjrt\1.6.2\aspectjrt-1.6.2.jar;D:\Programs\Maven\repository\org\aspectj\aspectjweaver\1.6.2\aspectjweaver-1.6.2.jar;D:\Programs\Maven\repository\aopalliance\aopalliance\1.0\aopalliance-1.0.jar;D:\Programs\Maven\repository\hsqldb\hsqldb\1.8.0.10\hsqldb-1.8.0.10.jar;D:\Programs\Maven\repository\org\apache\ibatis\ibatis-sqlmap\2.3.4.726\ibatis-sqlmap-2.3.4.726.jar;D:\Programs\Maven\repository\log4j\log4j\1.3alpha-8\log4j-1.3alpha-8.jar;D:\Programs\Maven\repository\org\slf4j\slf4j-log4j12\1.5.3\slf4j-log4j12-1.5.3.jar;D:\Programs\Maven\repository\org\slf4j\slf4j-api\1.5.3\slf4j-api-1.5.3.jar;D:\Programs\Maven\repository\net\sf\log4jdbc3\1.1\log4jdbc3-1.1.jar;D:\Programs\Maven\repository\mysql\mysql-connector-java\5.1.6\mysql-connector-java-5.1.6.jar;D:\Programs\Maven\repository\egovframework\rte\egovframework.rte.psl.dataaccess\1.0.0\egovframework.rte.psl.dataaccess-1.0.0.jar;D:\Programs\Maven\repository\egovframework\rte\egovframework.rte.fdl.idgnr\1.0.0\egovframework.rte.fdl.idgnr-1.0.0.jar;D:\Programs\Maven\repository\egovframework\rte\egovframework.rte.fdl.cmmn\1.0.0\egovframework.rte.fdl.cmmn-1.0.0.jar;D:\Programs\Maven\repository\javax\mail\mail\1.4\mail-1.4.jar;D:\Programs\Maven\repository\javax\activation\activation\1.1\activation-1.1.jar;D:\Programs\Maven\repository\egovframework\rte\egovframework.rte.ptl.mvc\1.0.0\egovframework.rte.ptl.mvc-1.0.0.jar;D:\Programs\Maven\repository\commons-validator\commons-validator\1.3.0\commons-validator-1.3.0.jar;D:\Programs\Maven\repository\commons-digester\commons-digester\1.6\commons-digester-1.6.jar;D:\Programs\Maven\repository\oro\oro\2.0.8\oro-2.0.8.jar;D:\Programs\Maven\repository\xml-apis\xml-apis\1.0.b2\xml-apis-1.0.b2.jar;D:\Programs\Maven\repository\org\springmodules\spring-modules-validation\0.9\spring-modules-validation-0.9.jar;D:\Programs\Maven\repository\egovframework\rte\egovframework.rte.fdl.property\1.0.0\egovframework.rte.fdl.property-1.0.0.jar;" name="surefire.test.class.path"/>
    <property value="Java Platform API Specification" name="java.specification.name"/>
    <property value="49.0" name="java.class.version"/>
    <property value="HotSpot Client Compiler" name="sun.management.compiler"/>
    <property value="6.1" name="os.version"/>
    <property value="C:\Users\angela-j" name="user.home"/>
    <property value="Asia/Seoul" name="user.timezone"/>
    <property value="sun.awt.windows.WPrinterJob" name="java.awt.printerjob"/>
    <property value="1.5" name="java.specification.version"/>
    <property value="MS949" name="file.encoding"/>
    <property value="angela-j" name="user.name"/>
    <property value="C:\eGovFrame-2.0\workspace.edu\egovframework.guide\target\test-classes;C:\eGovFrame-2.0\workspace.edu\egovframework.guide\target\classes;D:\Programs\Maven\repository\org\springframework\spring-aop\2.5.6\spring-aop-2.5.6.jar;D:\Programs\Maven\repository\org\springframework\spring-beans\2.5.6\spring-beans-2.5.6.jar;D:\Programs\Maven\repository\org\springframework\spring-context\2.5.6\spring-context-2.5.6.jar;D:\Programs\Maven\repository\org\springframework\spring-context-support\2.5.6\spring-context-support-2.5.6.jar;D:\Programs\Maven\repository\org\springframework\spring-core\2.5.6\spring-core-2.5.6.jar;D:\Programs\Maven\repository\org\springframework\spring-jdbc\2.5.6\spring-jdbc-2.5.6.jar;D:\Programs\Maven\repository\org\springframework\spring-orm\2.5.6\spring-orm-2.5.6.jar;D:\Programs\Maven\repository\org\springframework\spring-test\2.5.6\spring-test-2.5.6.jar;D:\Programs\Maven\repository\org\springframework\spring-tx\2.5.6\spring-tx-2.5.6.jar;D:\Programs\Maven\repository\org\springframework\spring-web\2.5.6\spring-web-2.5.6.jar;D:\Programs\Maven\repository\org\springframework\spring-webmvc\2.5.6\spring-webmvc-2.5.6.jar;D:\Programs\Maven\repository\junit\junit\4.4\junit-4.4.jar;D:\Programs\Maven\repository\org\easymock\easymock\2.4\easymock-2.4.jar;D:\Programs\Maven\repository\javax\annotation\jsr250-api\1.0\jsr250-api-1.0.jar;D:\Programs\Maven\repository\commons-collections\commons-collections\3.2\commons-collections-3.2.jar;D:\Programs\Maven\repository\commons-beanutils\commons-beanutils\1.6\commons-beanutils-1.6.jar;D:\Programs\Maven\repository\commons-dbcp\commons-dbcp\1.2.2\commons-dbcp-1.2.2.jar;D:\Programs\Maven\repository\commons-lang\commons-lang\2.2\commons-lang-2.2.jar;D:\Programs\Maven\repository\commons-logging\commons-logging\1.1.1\commons-logging-1.1.1.jar;D:\Programs\Maven\repository\commons-pool\commons-pool\1.3\commons-pool-1.3.jar;D:\Programs\Maven\repository\org\aspectj\aspectjrt\1.6.2\aspectjrt-1.6.2.jar;D:\Programs\Maven\repository\org\aspectj\aspectjweaver\1.6.2\aspectjweaver-1.6.2.jar;D:\Programs\Maven\repository\aopalliance\aopalliance\1.0\aopalliance-1.0.jar;D:\Programs\Maven\repository\hsqldb\hsqldb\1.8.0.10\hsqldb-1.8.0.10.jar;D:\Programs\Maven\repository\org\apache\ibatis\ibatis-sqlmap\2.3.4.726\ibatis-sqlmap-2.3.4.726.jar;D:\Programs\Maven\repository\log4j\log4j\1.3alpha-8\log4j-1.3alpha-8.jar;D:\Programs\Maven\repository\org\slf4j\slf4j-log4j12\1.5.3\slf4j-log4j12-1.5.3.jar;D:\Programs\Maven\repository\org\slf4j\slf4j-api\1.5.3\slf4j-api-1.5.3.jar;D:\Programs\Maven\repository\net\sf\log4jdbc3\1.1\log4jdbc3-1.1.jar;D:\Programs\Maven\repository\mysql\mysql-connector-java\5.1.6\mysql-connector-java-5.1.6.jar;D:\Programs\Maven\repository\egovframework\rte\egovframework.rte.psl.dataaccess\1.0.0\egovframework.rte.psl.dataaccess-1.0.0.jar;D:\Programs\Maven\repository\egovframework\rte\egovframework.rte.fdl.idgnr\1.0.0\egovframework.rte.fdl.idgnr-1.0.0.jar;D:\Programs\Maven\repository\egovframework\rte\egovframework.rte.fdl.cmmn\1.0.0\egovframework.rte.fdl.cmmn-1.0.0.jar;D:\Programs\Maven\repository\javax\mail\mail\1.4\mail-1.4.jar;D:\Programs\Maven\repository\javax\activation\activation\1.1\activation-1.1.jar;D:\Programs\Maven\repository\egovframework\rte\egovframework.rte.ptl.mvc\1.0.0\egovframework.rte.ptl.mvc-1.0.0.jar;D:\Programs\Maven\repository\commons-validator\commons-validator\1.3.0\commons-validator-1.3.0.jar;D:\Programs\Maven\repository\commons-digester\commons-digester\1.6\commons-digester-1.6.jar;D:\Programs\Maven\repository\oro\oro\2.0.8\oro-2.0.8.jar;D:\Programs\Maven\repository\xml-apis\xml-apis\1.0.b2\xml-apis-1.0.b2.jar;D:\Programs\Maven\repository\org\springmodules\spring-modules-validation\0.9\spring-modules-validation-0.9.jar;D:\Programs\Maven\repository\egovframework\rte\egovframework.rte.fdl.property\1.0.0\egovframework.rte.fdl.property-1.0.0.jar;" name="java.class.path"/>
    <property value="1.0" name="java.vm.specification.version"/>
    <property value="32" name="sun.arch.data.model"/>
    <property value="C:\eGovFrame-2.0\bin\jdk1.5.0_22\jre" name="java.home"/>
    <property value="Sun Microsystems Inc." name="java.specification.vendor"/>
    <property value="ko" name="user.language"/>
    <property value="sun.awt.windows.WToolkit" name="awt.toolkit"/>
    <property value="mixed mode" name="java.vm.info"/>
    <property value="1.5.0_22" name="java.version"/>
    <property value="C:\eGovFrame-2.0\bin\jdk1.5.0_22\jre\lib\ext" name="java.ext.dirs"/>
    <property value="C:\eGovFrame-2.0\bin\jdk1.5.0_22\jre\lib\rt.jar;C:\eGovFrame-2.0\bin\jdk1.5.0_22\jre\lib\i18n.jar;C:\eGovFrame-2.0\bin\jdk1.5.0_22\jre\lib\sunrsasign.jar;C:\eGovFrame-2.0\bin\jdk1.5.0_22\jre\lib\jsse.jar;C:\eGovFrame-2.0\bin\jdk1.5.0_22\jre\lib\jce.jar;C:\eGovFrame-2.0\bin\jdk1.5.0_22\jre\lib\charsets.jar;C:\eGovFrame-2.0\bin\jdk1.5.0_22\jre\classes" name="sun.boot.class.path"/>
    <property value="Sun Microsystems Inc." name="java.vendor"/>
    <property value="D:\Programs\Maven\repository" name="localRepository"/>
    <property value="\" name="file.separator"/>
    <property value="http://java.sun.com/cgi-bin/bugreport.cgi" name="java.vendor.url.bug"/>
    <property value="little" name="sun.cpu.endian"/>
    <property value="UnicodeLittle" name="sun.io.unicode.encoding"/>
    <property value="windows" name="sun.desktop"/>
    <property value="pentium_pro+mmx pentium_pro pentium+mmx pentium i486 i386 i86" name="sun.cpu.isalist"/>
  </properties>
  <testcase classname="egovframework.guide.helloworld.HelloWorldServiceTest" time="0.921" name="testSayHello"/>
</testsuite>